M 0.00000 0 (152.60, 200.30, 0.00), (210.72, 144.72), 4.66
M 0.00000 1 (181.37, 355.16, 0.00), (203.31, 591.20), 4.98
M 0.00000 2 (216.28, 433.34, 0.00), (82.11, 107.84), 5.06
M 0.00000 3 (170.17, 328.20, 0.00), (139.77, 95.92), 5.28
M 0.00000 4 (158.41, 434.12, 0.00), (91.30, 137.52), 5.17
M 0.00000 5 (64.88, 97.05, 0.00), (67.76, 42.70), 5.29
M 0.00000 6 (56.96, 182.20, 0.00), (53.00, 179.84), 4.51
M 0.00000 7 (141.68, 245.09, 0.00), (196.46, 110.56), 4.76
M 0.00000 8 (141.73, 277.61, 0.00), (245.92, 411.49), 0.00
M 0.00000 9 (264.63, 464.51, 0.00), (279.94, 556.56), 4.74
M 0.00000 10 (181.36, 253.89, 0.00), (183.52, 221.32), 0.00
M 0.00000 11 (151.44, 269.45, 0.00), (138.80, 142.58), 5.31
M 0.00000 12 (272.42, 143.34, 0.00), (194.17, 320.52), 4.86
M 0.00000 13 (99.02, 361.37, 0.00), (68.52, 503.07), 5.12
M 0.00000 14 (293.46, 408.61, 0.00), (290.35, 21.16), 5.17
M 0.00000 15 (198.93, 592.04, 0.00), (254.27, 594.54), 4.91
M 0.00000 16 (231.99, 555.28, 0.00), (236.98, 597.50), 0.00
M 0.00000 17 (76.83, 247.10, 0.00), (8.92, 103.22), 4.93
M 0.00000 18 (222.10, 436.16, 0.00), (202.21, 500.78), 5.18
M 0.00000 19 (188.05, 171.59, 0.00), (214.53, 20.96), 4.72
M 0.00000 20 (35.87, 38.39, 0.00), (32.58, 37.04), 5.00
M 0.00000 21 (168.10, 261.68, 0.00), (140.40, 57.63), 4.61
M 0.00000 22 (188.99, 490.26, 0.00), (7.65, 489.12), 5.19
M 0.00000 23 (158.43, 543.20, 0.00), (237.83, 507.81), 5.27
M 0.00000 24 (25.78, 259.51, 0.00), (7.60, 34.61), 0.00
M 0.00000 25 (150.10, 319.75, 0.00), (220.89, 91.72), 5.25
M 0.00000 26 (128.74, 149.09, 0.00), (171.31, 47.73), 0.00
M 0.00000 27 (151.30, 353.66, 0.00), (129.71, 231.21), 4.83
M 0.00000 28 (233.29, 235.43, 0.00), (267.76, 317.73), 5.15
M 0.00000 29 (163.89, 302.87, 0.00), (122.42, 442.84), 0.00
M 0.00000 30 (240.55, 204.97, 0.00), (277.86, 574.35), 5.34
M 0.00000 31 (69.45, 99.75, 0.00), (68.62, 97.48), 4.91
M 0.00000 32 (262.98, 119.77, 0.00), (120.74, 368.49), 5.11
M 0.00000 33 (235.82, 390.18, 0.00), (254.34, 483.36), 4.99
M 0.00000 34 (213.34, 52.31, 0.00), (263.89, 143.15), 4.69
M 0.00000 35 (142.21, 190.58, 0.00), (267.49, 567.32), 5.46
M 0.00000 36 (130.46, 190.25, 0.00), (10.86, 124.74), 4.74
M 0.00000 37 (97.99, 197.74, 0.00), (247.16, 74.09), 5.09
M 0.00000 38 (76.67, 509.98, 0.00), (47.32, 95.94), 5.49
M 0.00000 39 (262.15, 338.21, 0.00), (278.95, 437.76), 5.31
M 0.00000 40 (126.67, 283.27, 0.00), (112.88, 275.19), 0.00
M 0.00000 41 (147.67, 96.34, 0.00), (95.70, 349.37), 5.36
M 0.00000 42 (260.48, 258.82, 0.00), (250.32, 59.01), 5.16
M 0.00000 43 (211.88, 275.65, 0.00), (260.06, 29.30), 4.82
M 0.00000 44 (75.27, 352.78, 0.00), (108.34, 207.45), 5.32
M 0.00000 45 (136.35, 231.13, 0.00), (6.90, 387.51), 0.00
M 0.00000 46 (225.55, 234.89, 0.00), (223.91, 188.00), 5.44
M 0.00000 47 (220.96, 471.35, 0.00), (230.34, 488.06), 0.00
M 0.00000 48 (251.60, 74.31, 0.00), (74.28, 563.11), 0.00
M 0.00000 49 (218.35, 363.81, 0.00), (258.38, 312.80), 4.93
M 0.49275 31 (68.62, 97.48, 0.00), (68.62, 97.48), 0.00
M 0.71071 20 (32.58, 37.04, 0.00), (32.58, 37.04), 0.00
M 1.00547 10 (181.36, 253.89, 0.00), (163.31, 362.33), 5.03
M 1.02334 6 (53.00, 179.84, 0.00), (53.00, 179.84), 0.00
D 1.535441644 _16_ RTR LOOP 256 tcp 34 [0 ffffffff f 800] ------- [16:254 -1:254 30 0] [0 -1] 2 0
D 1.536512376 _16_ RTR LOOP 256 tcp 34 [0 ffffffff 17 800] ------- [16:254 -1:254 30 0] [0 -1] 2 0
D 1.538530566 _19_ RTR LOOP 256 tcp 34 [0 ffffffff 7 800] ------- [19:254 -1:254 30 0] [0 -1] 2 0
D 1.539316781 _19_ RTR LOOP 256 tcp 34 [0 ffffffff 25 800] ------- [19:254 -1:254 30 0] [0 -1] 2 0
D 1.539593534 _16_ RTR LOOP 256 tcp 38 [0 ffffffff 16 800] ------- [16:254 -1:254 28 0] [0 -1] 3 0
D 1.540917123 _19_ RTR LOOP 256 tcp 34 [0 ffffffff a 800] ------- [19:254 -1:254 30 0] [0 -1] 2 0
D 1.541377848 _16_ RTR LOOP 256 tcp 42 [0 ffffffff 9 800] ------- [16:254 -1:254 26 0] [0 -1] 4 0
D 1.541903269 _19_ RTR LOOP 256 tcp 34 [0 ffffffff 2d 800] ------- [19:254 -1:254 30 0] [0 -1] 2 0
D 1.542275979 _16_ RTR LOOP 256 tcp 38 [0 ffffffff 2f 800] ------- [16:254 -1:254 28 0] [0 -1] 3 0
D 1.544381697 _19_ RTR LOOP 256 tcp 34 